<?xml version="1.0" encoding="UTF-8"?>
<!-- Generated by org.testng.reporters.JUnitReportReporter -->
<testsuite hostname="DESKTOP-NK5J02L" failures="0" tests="1" name="pageobjectmodel.Pageclass" time="0.366" errors="0" timestamp="2024-03-10T16:36:50 IST" skipped="0">
  <testcase classname="pageobjectmodel.Pageclass" name="ram123" time="0.366"/>
  <system-out/>
</testsuite> <!-- pageobjectmodel.Pageclass -->
